mode: atomic
github.com/dsionov/carwatch/internal/config/config.go:73.41,75.16 2 10
github.com/dsionov/carwatch/internal/config/config.go:75.16,77.3 1 0
github.com/dsionov/carwatch/internal/config/config.go:79.2,82.50 3 10
github.com/dsionov/carwatch/internal/config/config.go:82.50,84.3 1 0
github.com/dsionov/carwatch/internal/config/config.go:86.2,88.38 2 10
github.com/dsionov/carwatch/internal/config/config.go:88.38,90.3 1 7
github.com/dsionov/carwatch/internal/config/config.go:92.2,92.17 1 3
github.com/dsionov/carwatch/internal/config/config.go:95.33,96.31 1 10
github.com/dsionov/carwatch/internal/config/config.go:96.31,98.3 1 9
github.com/dsionov/carwatch/internal/config/config.go:99.2,99.29 1 10
github.com/dsionov/carwatch/internal/config/config.go:99.29,101.3 1 10
github.com/dsionov/carwatch/internal/config/config.go:102.2,102.32 1 10
github.com/dsionov/carwatch/internal/config/config.go:102.32,104.3 1 10
github.com/dsionov/carwatch/internal/config/config.go:105.2,105.31 1 10
github.com/dsionov/carwatch/internal/config/config.go:105.31,107.3 1 10
github.com/dsionov/carwatch/internal/config/config.go:108.2,108.30 1 10
github.com/dsionov/carwatch/internal/config/config.go:108.30,110.3 1 10
github.com/dsionov/carwatch/internal/config/config.go:111.2,111.33 1 10
github.com/dsionov/carwatch/internal/config/config.go:111.33,113.3 1 10
github.com/dsionov/carwatch/internal/config/config.go:114.2,114.35 1 10
github.com/dsionov/carwatch/internal/config/config.go:114.35,116.3 1 10
github.com/dsionov/carwatch/internal/config/config.go:117.2,117.24 1 10
github.com/dsionov/carwatch/internal/config/config.go:117.24,119.3 1 9
github.com/dsionov/carwatch/internal/config/config.go:122.34,123.28 1 10
github.com/dsionov/carwatch/internal/config/config.go:123.28,125.3 1 1
github.com/dsionov/carwatch/internal/config/config.go:126.2,126.33 1 9
github.com/dsionov/carwatch/internal/config/config.go:126.33,127.19 1 9
github.com/dsionov/carwatch/internal/config/config.go:127.19,129.4 1 1
github.com/dsionov/carwatch/internal/config/config.go:130.3,130.21 1 8
github.com/dsionov/carwatch/internal/config/config.go:130.21,132.4 1 1
github.com/dsionov/carwatch/internal/config/config.go:133.3,133.29 1 7
github.com/dsionov/carwatch/internal/config/config.go:133.29,135.4 1 1
github.com/dsionov/carwatch/internal/config/config.go:136.3,136.63 1 6
github.com/dsionov/carwatch/internal/config/config.go:136.63,138.4 1 1
github.com/dsionov/carwatch/internal/config/config.go:139.3,139.63 1 5
github.com/dsionov/carwatch/internal/config/config.go:139.63,141.4 1 0
github.com/dsionov/carwatch/internal/config/config.go:143.2,143.46 1 5
github.com/dsionov/carwatch/internal/config/config.go:143.46,144.53 1 1
github.com/dsionov/carwatch/internal/config/config.go:144.53,146.4 1 1
github.com/dsionov/carwatch/internal/config/config.go:147.3,147.51 1 0
github.com/dsionov/carwatch/internal/config/config.go:147.51,149.4 1 0
github.com/dsionov/carwatch/internal/config/config.go:151.2,151.55 1 4
github.com/dsionov/carwatch/internal/config/config.go:151.55,153.3 1 1
github.com/dsionov/carwatch/internal/config/config.go:154.2,154.12 1 3
github.com/dsionov/carwatch/internal/config/config.go:157.54,158.15 1 9
github.com/dsionov/carwatch/internal/config/config.go:159.15,160.30 1 1
github.com/dsionov/carwatch/internal/config/config.go:161.14,162.29 1 4
github.com/dsionov/carwatch/internal/config/config.go:163.14,164.29 1 1
github.com/dsionov/carwatch/internal/config/config.go:165.15,166.30 1 1
github.com/dsionov/carwatch/internal/config/config.go:167.10,168.55 1 2
github.com/dsionov/carwatch/internal/config/config.go:172.44,174.16 2 1
github.com/dsionov/carwatch/internal/config/config.go:174.16,176.3 1 1
github.com/dsionov/carwatch/internal/config/config.go:177.2,177.38 1 0
github.com/dsionov/carwatch/internal/config/config.go:180.35,187.2 1 10
github.com/dsionov/carwatch/internal/filter/filter.go:10.92,12.29 2 12
github.com/dsionov/carwatch/internal/filter/filter.go:12.29,13.27 1 24
github.com/dsionov/carwatch/internal/filter/filter.go:13.27,15.4 1 11
github.com/dsionov/carwatch/internal/filter/filter.go:17.2,17.15 1 12
github.com/dsionov/carwatch/internal/filter/filter.go:20.64,21.57 1 24
github.com/dsionov/carwatch/internal/filter/filter.go:21.57,23.3 1 3
github.com/dsionov/carwatch/internal/filter/filter.go:24.2,24.57 1 21
github.com/dsionov/carwatch/internal/filter/filter.go:24.57,26.3 1 2
github.com/dsionov/carwatch/internal/filter/filter.go:27.2,27.35 1 19
github.com/dsionov/carwatch/internal/filter/filter.go:27.35,29.3 1 2
github.com/dsionov/carwatch/internal/filter/filter.go:30.2,30.41 1 17
github.com/dsionov/carwatch/internal/filter/filter.go:30.41,32.3 1 2
github.com/dsionov/carwatch/internal/filter/filter.go:34.2,36.32 2 15
github.com/dsionov/carwatch/internal/filter/filter.go:36.32,37.51 1 8
github.com/dsionov/carwatch/internal/filter/filter.go:37.51,39.4 1 3
github.com/dsionov/carwatch/internal/filter/filter.go:41.2,41.35 1 12
github.com/dsionov/carwatch/internal/filter/filter.go:41.35,42.50 1 2
github.com/dsionov/carwatch/internal/filter/filter.go:42.50,44.4 1 1
github.com/dsionov/carwatch/internal/filter/filter.go:47.2,47.13 1 11
github.com/dsionov/carwatch/internal/notifier/formatter.go:10.44,16.22 4 4
github.com/dsionov/carwatch/internal/notifier/formatter.go:16.22,18.3 1 0
github.com/dsionov/carwatch/internal/notifier/formatter.go:19.2,21.16 2 4
github.com/dsionov/carwatch/internal/notifier/formatter.go:21.16,23.18 2 1
github.com/dsionov/carwatch/internal/notifier/formatter.go:23.18,25.4 1 0
github.com/dsionov/carwatch/internal/notifier/formatter.go:26.3,26.22 1 1
github.com/dsionov/carwatch/internal/notifier/formatter.go:29.2,29.24 1 4
github.com/dsionov/carwatch/internal/notifier/formatter.go:29.24,31.22 2 1
github.com/dsionov/carwatch/internal/notifier/formatter.go:31.22,33.4 1 1
github.com/dsionov/carwatch/internal/notifier/formatter.go:34.3,34.22 1 1
github.com/dsionov/carwatch/internal/notifier/formatter.go:37.2,37.22 1 4
github.com/dsionov/carwatch/internal/notifier/formatter.go:37.22,39.3 1 0
github.com/dsionov/carwatch/internal/notifier/formatter.go:41.2,41.14 1 4
github.com/dsionov/carwatch/internal/notifier/formatter.go:41.14,43.3 1 1
github.com/dsionov/carwatch/internal/notifier/formatter.go:45.2,45.16 1 4
github.com/dsionov/carwatch/internal/notifier/formatter.go:45.16,47.3 1 1
github.com/dsionov/carwatch/internal/notifier/formatter.go:49.2,49.18 1 4
github.com/dsionov/carwatch/internal/notifier/formatter.go:49.18,51.19 2 1
github.com/dsionov/carwatch/internal/notifier/formatter.go:51.19,53.4 1 1
github.com/dsionov/carwatch/internal/notifier/formatter.go:54.3,54.62 1 1
github.com/dsionov/carwatch/internal/notifier/formatter.go:57.2,57.17 1 4
github.com/dsionov/carwatch/internal/notifier/formatter.go:57.17,59.3 1 2
github.com/dsionov/carwatch/internal/notifier/formatter.go:61.2,61.22 1 4
github.com/dsionov/carwatch/internal/notifier/formatter.go:61.22,63.3 1 1
github.com/dsionov/carwatch/internal/notifier/formatter.go:65.2,65.19 1 4
github.com/dsionov/carwatch/internal/notifier/formatter.go:68.51,69.24 1 2
github.com/dsionov/carwatch/internal/notifier/formatter.go:69.24,71.3 1 1
github.com/dsionov/carwatch/internal/notifier/formatter.go:73.2,76.29 3 1
github.com/dsionov/carwatch/internal/notifier/formatter.go:76.29,80.3 3 2
github.com/dsionov/carwatch/internal/notifier/formatter.go:82.2,82.19 1 1
github.com/dsionov/carwatch/internal/notifier/formatter.go:85.33,87.17 2 8
github.com/dsionov/carwatch/internal/notifier/formatter.go:87.17,89.3 1 2
github.com/dsionov/carwatch/internal/notifier/formatter.go:91.2,92.22 2 6
github.com/dsionov/carwatch/internal/notifier/formatter.go:92.22,93.33 1 31
github.com/dsionov/carwatch/internal/notifier/formatter.go:93.33,95.4 1 7
github.com/dsionov/carwatch/internal/notifier/formatter.go:96.3,96.22 1 31
github.com/dsionov/carwatch/internal/notifier/formatter.go:98.2,98.24 1 6
github.com/dsionov/carwatch/internal/fetcher/yad2/client.go:16.68,19.17 2 0
github.com/dsionov/carwatch/internal/fetcher/yad2/client.go:19.17,21.17 2 0
github.com/dsionov/carwatch/internal/fetcher/yad2/client.go:21.17,23.4 1 0
github.com/dsionov/carwatch/internal/fetcher/yad2/client.go:24.3,24.44 1 0
github.com/dsionov/carwatch/internal/fetcher/yad2/client.go:27.2,33.8 1 0
github.com/dsionov/carwatch/internal/fetcher/yad2/client.go:36.64,51.2 13 0
github.com/dsionov/carwatch/internal/fetcher/yad2/parser.go:18.68,20.2 1 3
github.com/dsionov/carwatch/internal/fetcher/yad2/parser.go:22.99,24.16 2 3
github.com/dsionov/carwatch/internal/fetcher/yad2/parser.go:24.16,26.3 1 0
github.com/dsionov/carwatch/internal/fetcher/yad2/parser.go:28.2,28.51 1 3
github.com/dsionov/carwatch/internal/fetcher/yad2/parser.go:28.51,30.3 1 1
github.com/dsionov/carwatch/internal/fetcher/yad2/parser.go:32.2,33.25 2 2
github.com/dsionov/carwatch/internal/fetcher/yad2/parser.go:33.25,35.3 1 1
github.com/dsionov/carwatch/internal/fetcher/yad2/parser.go:37.2,37.53 1 1
github.com/dsionov/carwatch/internal/fetcher/yad2/parser.go:40.82,42.56 2 5
github.com/dsionov/carwatch/internal/fetcher/yad2/parser.go:42.56,44.3 1 1
github.com/dsionov/carwatch/internal/fetcher/yad2/parser.go:46.2,47.16 2 4
github.com/dsionov/carwatch/internal/fetcher/yad2/parser.go:47.16,49.3 1 1
github.com/dsionov/carwatch/internal/fetcher/yad2/parser.go:51.2,53.29 3 3
github.com/dsionov/carwatch/internal/fetcher/yad2/parser.go:53.29,55.17 2 7
github.com/dsionov/carwatch/internal/fetcher/yad2/parser.go:55.17,57.21 2 2
github.com/dsionov/carwatch/internal/fetcher/yad2/parser.go:57.21,59.5 1 0
github.com/dsionov/carwatch/internal/fetcher/yad2/parser.go:60.4,60.12 1 2
github.com/dsionov/carwatch/internal/fetcher/yad2/parser.go:62.3,62.33 1 5
github.com/dsionov/carwatch/internal/fetcher/yad2/parser.go:65.2,65.34 1 3
github.com/dsionov/carwatch/internal/fetcher/yad2/parser.go:65.34,71.3 1 0
github.com/dsionov/carwatch/internal/fetcher/yad2/parser.go:73.2,73.22 1 3
github.com/dsionov/carwatch/internal/fetcher/yad2/parser.go:76.67,78.28 2 4
github.com/dsionov/carwatch/internal/fetcher/yad2/parser.go:78.28,80.61 2 3
github.com/dsionov/carwatch/internal/fetcher/yad2/parser.go:80.61,81.12 1 0
github.com/dsionov/carwatch/internal/fetcher/yad2/parser.go:83.3,83.40 1 3
github.com/dsionov/carwatch/internal/fetcher/yad2/parser.go:83.40,85.4 1 3
github.com/dsionov/carwatch/internal/fetcher/yad2/parser.go:87.2,87.64 1 1
github.com/dsionov/carwatch/internal/fetcher/yad2/parser.go:90.67,92.51 2 7
github.com/dsionov/carwatch/internal/fetcher/yad2/parser.go:92.51,94.3 1 0
github.com/dsionov/carwatch/internal/fetcher/yad2/parser.go:95.2,95.22 1 7
github.com/dsionov/carwatch/internal/fetcher/yad2/parser.go:95.22,97.3 1 2
github.com/dsionov/carwatch/internal/fetcher/yad2/parser.go:99.2,118.34 2 5
github.com/dsionov/carwatch/internal/fetcher/yad2/parser.go:118.34,120.3 1 5
github.com/dsionov/carwatch/internal/fetcher/yad2/parser.go:121.2,121.34 1 5
github.com/dsionov/carwatch/internal/fetcher/yad2/parser.go:121.34,123.3 1 5
github.com/dsionov/carwatch/internal/fetcher/yad2/parser.go:125.2,125.32 1 5
github.com/dsionov/carwatch/internal/fetcher/yad2/parser.go:125.32,126.75 1 5
github.com/dsionov/carwatch/internal/fetcher/yad2/parser.go:126.75,128.4 1 5
github.com/dsionov/carwatch/internal/fetcher/yad2/parser.go:130.2,130.32 1 5
github.com/dsionov/carwatch/internal/fetcher/yad2/parser.go:130.32,131.75 1 3
github.com/dsionov/carwatch/internal/fetcher/yad2/parser.go:131.75,133.4 1 3
github.com/dsionov/carwatch/internal/fetcher/yad2/parser.go:136.2,136.21 1 5
github.com/dsionov/carwatch/internal/fetcher/yad2/parser.go:139.36,140.25 1 28
github.com/dsionov/carwatch/internal/fetcher/yad2/parser.go:140.25,142.3 1 24
github.com/dsionov/carwatch/internal/fetcher/yad2/parser.go:143.2,143.15 1 4
github.com/dsionov/carwatch/internal/fetcher/yad2/yad2.go:29.95,31.16 2 0
github.com/dsionov/carwatch/internal/fetcher/yad2/yad2.go:31.16,33.3 1 0
github.com/dsionov/carwatch/internal/fetcher/yad2/yad2.go:34.2,34.83 1 0
github.com/dsionov/carwatch/internal/fetcher/yad2/yad2.go:37.106,42.16 4 0
github.com/dsionov/carwatch/internal/fetcher/yad2/yad2.go:42.16,44.3 1 0
github.com/dsionov/carwatch/internal/fetcher/yad2/yad2.go:46.2,47.16 2 0
github.com/dsionov/carwatch/internal/fetcher/yad2/yad2.go:47.16,49.3 1 0
github.com/dsionov/carwatch/internal/fetcher/yad2/yad2.go:50.2,52.38 2 0
github.com/dsionov/carwatch/internal/fetcher/yad2/yad2.go:52.38,54.3 1 0
github.com/dsionov/carwatch/internal/fetcher/yad2/yad2.go:56.2,57.67 2 0
github.com/dsionov/carwatch/internal/fetcher/yad2/yad2.go:57.67,59.17 2 0
github.com/dsionov/carwatch/internal/fetcher/yad2/yad2.go:59.17,61.4 1 0
github.com/dsionov/carwatch/internal/fetcher/yad2/yad2.go:62.3,63.14 2 0
github.com/dsionov/carwatch/internal/fetcher/yad2/yad2.go:66.2,67.16 2 0
github.com/dsionov/carwatch/internal/fetcher/yad2/yad2.go:67.16,69.3 1 0
github.com/dsionov/carwatch/internal/fetcher/yad2/yad2.go:71.2,72.22 2 0
github.com/dsionov/carwatch/internal/fetcher/yad2/yad2.go:75.63,79.29 3 0
github.com/dsionov/carwatch/internal/fetcher/yad2/yad2.go:79.29,81.3 1 0
github.com/dsionov/carwatch/internal/fetcher/yad2/yad2.go:82.2,82.22 1 0
github.com/dsionov/carwatch/internal/fetcher/yad2/yad2.go:82.22,84.3 1 0
github.com/dsionov/carwatch/internal/fetcher/yad2/yad2.go:85.2,85.46 1 0
github.com/dsionov/carwatch/internal/fetcher/yad2/yad2.go:85.46,87.19 2 0
github.com/dsionov/carwatch/internal/fetcher/yad2/yad2.go:87.19,89.4 1 0
github.com/dsionov/carwatch/internal/fetcher/yad2/yad2.go:90.3,91.19 2 0
github.com/dsionov/carwatch/internal/fetcher/yad2/yad2.go:91.19,93.4 1 0
github.com/dsionov/carwatch/internal/fetcher/yad2/yad2.go:94.3,94.65 1 0
github.com/dsionov/carwatch/internal/fetcher/yad2/yad2.go:96.2,96.48 1 0
github.com/dsionov/carwatch/internal/fetcher/yad2/yad2.go:96.48,99.20 3 0
github.com/dsionov/carwatch/internal/fetcher/yad2/yad2.go:99.20,101.4 1 0
github.com/dsionov/carwatch/internal/fetcher/yad2/yad2.go:102.3,102.68 1 0
github.com/dsionov/carwatch/internal/fetcher/yad2/yad2.go:104.2,107.19 3 0
github.com/dsionov/carwatch/internal/storage/sqlite/sqlite.go:18.41,19.26 1 4
github.com/dsionov/carwatch/internal/storage/sqlite/sqlite.go:19.26,20.65 1 0
github.com/dsionov/carwatch/internal/storage/sqlite/sqlite.go:20.65,22.4 1 0
github.com/dsionov/carwatch/internal/storage/sqlite/sqlite.go:25.2,26.16 2 4
github.com/dsionov/carwatch/internal/storage/sqlite/sqlite.go:26.16,28.3 1 0
github.com/dsionov/carwatch/internal/storage/sqlite/sqlite.go:30.2,30.36 1 4
github.com/dsionov/carwatch/internal/storage/sqlite/sqlite.go:30.36,33.3 2 0
github.com/dsionov/carwatch/internal/storage/sqlite/sqlite.go:35.2,35.28 1 4
github.com/dsionov/carwatch/internal/storage/sqlite/sqlite.go:38.32,47.2 2 4
github.com/dsionov/carwatch/internal/storage/sqlite/sqlite.go:49.94,53.16 2 7
github.com/dsionov/carwatch/internal/storage/sqlite/sqlite.go:53.16,55.3 1 0
github.com/dsionov/carwatch/internal/storage/sqlite/sqlite.go:56.2,57.22 2 7
github.com/dsionov/carwatch/internal/storage/sqlite/sqlite.go:60.71,63.2 2 1
github.com/dsionov/carwatch/internal/storage/sqlite/sqlite.go:65.84,68.16 3 2
github.com/dsionov/carwatch/internal/storage/sqlite/sqlite.go:68.16,70.3 1 0
github.com/dsionov/carwatch/internal/storage/sqlite/sqlite.go:71.2,71.30 1 2
github.com/dsionov/carwatch/internal/storage/sqlite/sqlite.go:74.31,76.2 1 4
github.com/dsionov/carwatch/internal/scheduler/scheduler.go:45.23,47.16 2 16
github.com/dsionov/carwatch/internal/scheduler/scheduler.go:47.16,49.3 1 0
github.com/dsionov/carwatch/internal/scheduler/scheduler.go:50.2,58.8 1 16
github.com/dsionov/carwatch/internal/scheduler/scheduler.go:61.52,68.23 2 0
github.com/dsionov/carwatch/internal/scheduler/scheduler.go:68.23,69.41 1 0
github.com/dsionov/carwatch/internal/scheduler/scheduler.go:69.41,70.40 1 0
github.com/dsionov/carwatch/internal/scheduler/scheduler.go:70.40,72.5 1 0
github.com/dsionov/carwatch/internal/scheduler/scheduler.go:73.4,73.56 1 0
github.com/dsionov/carwatch/internal/scheduler/scheduler.go:77.2,77.6 1 0
github.com/dsionov/carwatch/internal/scheduler/scheduler.go:77.6,80.25 2 0
github.com/dsionov/carwatch/internal/scheduler/scheduler.go:80.25,81.66 1 0
github.com/dsionov/carwatch/internal/scheduler/scheduler.go:81.66,86.5 2 0
github.com/dsionov/carwatch/internal/scheduler/scheduler.go:89.3,91.10 2 0
github.com/dsionov/carwatch/internal/scheduler/scheduler.go:92.21,94.20 2 0
github.com/dsionov/carwatch/internal/scheduler/scheduler.go:95.28,95.28 0 0
github.com/dsionov/carwatch/internal/scheduler/scheduler.go:98.3,98.25 1 0
github.com/dsionov/carwatch/internal/scheduler/scheduler.go:98.25,99.12 1 0
github.com/dsionov/carwatch/internal/scheduler/scheduler.go:102.3,102.41 1 0
github.com/dsionov/carwatch/internal/scheduler/scheduler.go:102.41,103.40 1 0
github.com/dsionov/carwatch/internal/scheduler/scheduler.go:103.40,105.5 1 0
github.com/dsionov/carwatch/internal/scheduler/scheduler.go:106.4,106.48 1 0
github.com/dsionov/carwatch/internal/scheduler/scheduler.go:111.57,115.40 3 3
github.com/dsionov/carwatch/internal/scheduler/scheduler.go:115.40,116.54 1 3
github.com/dsionov/carwatch/internal/scheduler/scheduler.go:116.54,121.44 2 2
github.com/dsionov/carwatch/internal/scheduler/scheduler.go:121.44,124.5 2 1
github.com/dsionov/carwatch/internal/scheduler/scheduler.go:125.4,125.12 1 2
github.com/dsionov/carwatch/internal/scheduler/scheduler.go:127.3,128.63 2 1
github.com/dsionov/carwatch/internal/scheduler/scheduler.go:131.2,131.49 1 3
github.com/dsionov/carwatch/internal/scheduler/scheduler.go:131.49,132.35 1 3
github.com/dsionov/carwatch/internal/scheduler/scheduler.go:132.35,134.18 2 3
github.com/dsionov/carwatch/internal/scheduler/scheduler.go:134.18,136.5 1 0
github.com/dsionov/carwatch/internal/scheduler/scheduler.go:136.10,136.25 1 3
github.com/dsionov/carwatch/internal/scheduler/scheduler.go:136.25,138.5 1 0
github.com/dsionov/carwatch/internal/scheduler/scheduler.go:140.3,140.31 1 3
github.com/dsionov/carwatch/internal/scheduler/scheduler.go:143.2,143.42 1 3
github.com/dsionov/carwatch/internal/scheduler/scheduler.go:143.42,145.3 1 2
github.com/dsionov/carwatch/internal/scheduler/scheduler.go:147.2,147.12 1 1
github.com/dsionov/carwatch/internal/scheduler/scheduler.go:150.90,155.16 4 9
github.com/dsionov/carwatch/internal/scheduler/scheduler.go:155.16,157.3 1 4
github.com/dsionov/carwatch/internal/scheduler/scheduler.go:159.2,167.29 4 5
github.com/dsionov/carwatch/internal/scheduler/scheduler.go:167.29,169.17 2 6
github.com/dsionov/carwatch/internal/scheduler/scheduler.go:169.17,171.4 1 0
github.com/dsionov/carwatch/internal/scheduler/scheduler.go:172.3,172.13 1 6
github.com/dsionov/carwatch/internal/scheduler/scheduler.go:172.13,173.12 1 1
github.com/dsionov/carwatch/internal/scheduler/scheduler.go:175.3,178.5 1 5
github.com/dsionov/carwatch/internal/scheduler/scheduler.go:181.2,186.27 2 5
github.com/dsionov/carwatch/internal/scheduler/scheduler.go:186.27,188.3 1 2
github.com/dsionov/carwatch/internal/scheduler/scheduler.go:190.2,191.46 2 3
github.com/dsionov/carwatch/internal/scheduler/scheduler.go:191.46,192.72 1 4
github.com/dsionov/carwatch/internal/scheduler/scheduler.go:192.72,197.12 2 2
github.com/dsionov/carwatch/internal/scheduler/scheduler.go:199.3,199.22 1 2
github.com/dsionov/carwatch/internal/scheduler/scheduler.go:202.2,202.19 1 3
github.com/dsionov/carwatch/internal/scheduler/scheduler.go:202.19,207.33 2 1
github.com/dsionov/carwatch/internal/scheduler/scheduler.go:207.33,208.61 1 2
github.com/dsionov/carwatch/internal/scheduler/scheduler.go:208.61,210.5 1 0
github.com/dsionov/carwatch/internal/scheduler/scheduler.go:214.2,214.12 1 3
github.com/dsionov/carwatch/internal/scheduler/scheduler.go:217.113,219.34 2 12
github.com/dsionov/carwatch/internal/scheduler/scheduler.go:219.34,221.17 2 18
github.com/dsionov/carwatch/internal/scheduler/scheduler.go:221.17,223.4 1 6
github.com/dsionov/carwatch/internal/scheduler/scheduler.go:224.3,226.79 2 12
github.com/dsionov/carwatch/internal/scheduler/scheduler.go:226.79,228.4 1 3
github.com/dsionov/carwatch/internal/scheduler/scheduler.go:230.3,230.29 1 9
github.com/dsionov/carwatch/internal/scheduler/scheduler.go:230.29,237.11 3 6
github.com/dsionov/carwatch/internal/scheduler/scheduler.go:238.22,239.26 1 0
github.com/dsionov/carwatch/internal/scheduler/scheduler.go:240.29,240.29 0 6
github.com/dsionov/carwatch/internal/scheduler/scheduler.go:244.2,244.81 1 3
github.com/dsionov/carwatch/internal/scheduler/scheduler.go:247.47,250.16 3 2
github.com/dsionov/carwatch/internal/scheduler/scheduler.go:250.16,253.3 2 0
github.com/dsionov/carwatch/internal/scheduler/scheduler.go:254.2,254.24 1 2
github.com/dsionov/carwatch/internal/scheduler/scheduler.go:254.24,256.3 1 1
github.com/dsionov/carwatch/internal/scheduler/scheduler.go:257.2,257.13 1 2
github.com/dsionov/carwatch/internal/scheduler/scheduler.go:260.42,262.15 2 2
github.com/dsionov/carwatch/internal/scheduler/scheduler.go:262.15,264.3 1 1
github.com/dsionov/carwatch/internal/scheduler/scheduler.go:266.2,272.28 5 1
github.com/dsionov/carwatch/internal/scheduler/scheduler.go:272.28,274.3 1 0
github.com/dsionov/carwatch/internal/scheduler/scheduler.go:276.2,276.56 1 1
github.com/dsionov/carwatch/internal/scheduler/scheduler.go:279.62,281.15 2 0
github.com/dsionov/carwatch/internal/scheduler/scheduler.go:281.15,283.3 1 0
github.com/dsionov/carwatch/internal/scheduler/scheduler.go:285.2,290.22 5 0
github.com/dsionov/carwatch/internal/scheduler/scheduler.go:290.22,292.3 1 0
github.com/dsionov/carwatch/internal/scheduler/scheduler.go:293.2,293.49 1 0
github.com/dsionov/carwatch/internal/scheduler/scheduler.go:296.41,298.16 2 2
github.com/dsionov/carwatch/internal/scheduler/scheduler.go:298.16,300.3 1 0
github.com/dsionov/carwatch/internal/scheduler/scheduler.go:301.2,301.33 1 2
github.com/dsionov/carwatch/internal/scheduler/scheduler.go:304.37,305.21 1 6
github.com/dsionov/carwatch/internal/scheduler/scheduler.go:305.21,307.3 1 2
github.com/dsionov/carwatch/internal/scheduler/scheduler.go:308.2,308.38 1 4
